Determining if the pthread_create exist failed with the following output:
Change Dir: /home/ubuntu/Desktop/Anderson/AJa/HPC/ComputerVision/FacialDetection_GPU/build/CMakeFiles/CMakeTmp

Run Build Command:"/usr/bin/make" "cmTC_cbc2d/fast"
/usr/bin/make -f CMakeFiles/cmTC_cbc2d.dir/build.make CMakeFiles/cmTC_cbc2d.dir/build
make[1]: Entering directory `/home/ubuntu/Desktop/Anderson/AJa/HPC/ComputerVision/FacialDetection_GPU/build/CMakeFiles/CMakeTmp'
Building C object CMakeFiles/cmTC_cbc2d.dir/CheckSymbolExists.c.o
/usr/bin/cc    -fPIC    -o CMakeFiles/cmTC_cbc2d.dir/CheckSymbolExists.c.o   -c /home/ubuntu/Desktop/Anderson/AJa/HPC/ComputerVision/FacialDetection_GPU/build/CMakeFiles/CMakeTmp/CheckSymbolExists.c
Linking C executable cmTC_cbc2d
/usr/local/bin/cmake -E cmake_link_script CMakeFiles/cmTC_cbc2d.dir/link.txt --verbose=1
/usr/bin/cc  -fPIC     CMakeFiles/cmTC_cbc2d.dir/CheckSymbolExists.c.o  -o cmTC_cbc2d -rdynamic 
CMakeFiles/cmTC_cbc2d.dir/CheckSymbolExists.c.o: In function `main':
CheckSymbolExists.c:(.text+0x2c): undefined reference to `pthread_create'
collect2: error: ld returned 1 exit status
make[1]: *** [cmTC_cbc2d] Error 1
make[1]: Leaving directory `/home/ubuntu/Desktop/Anderson/AJa/HPC/ComputerVision/FacialDetection_GPU/build/CMakeFiles/CMakeTmp'
make: *** [cmTC_cbc2d/fast] Error 2

File /home/ubuntu/Desktop/Anderson/AJa/HPC/ComputerVision/FacialDetection_GPU/build/CMakeFiles/CMakeTmp/CheckSymbolExists.c:
/* */
#include <pthread.h>

int main(int argc, char** argv)
{
  (void)argv;
#ifndef pthread_create
  return ((int*)(&pthread_create))[argc];
#else
  (void)argc;
  return 0;
#endif
}

Determining if the function pthread_create exists in the pthreads failed with the following output:
Change Dir: /home/ubuntu/Desktop/Anderson/AJa/HPC/ComputerVision/FacialDetection_GPU/build/CMakeFiles/CMakeTmp

Run Build Command:"/usr/bin/make" "cmTC_75793/fast"
/usr/bin/make -f CMakeFiles/cmTC_75793.dir/build.make CMakeFiles/cmTC_75793.dir/build
make[1]: Entering directory `/home/ubuntu/Desktop/Anderson/AJa/HPC/ComputerVision/FacialDetection_GPU/build/CMakeFiles/CMakeTmp'
Building C object CMakeFiles/cmTC_75793.dir/CheckFunctionExists.c.o
/usr/bin/cc    -fPIC -DCHECK_FUNCTION_EXISTS=pthread_create   -o CMakeFiles/cmTC_75793.dir/CheckFunctionExists.c.o   -c /usr/local/share/cmake-3.5/Modules/CheckFunctionExists.c
Linking C executable cmTC_75793
/usr/local/bin/cmake -E cmake_link_script CMakeFiles/cmTC_75793.dir/link.txt --verbose=1
/usr/bin/cc  -fPIC -DCHECK_FUNCTION_EXISTS=pthread_create    CMakeFiles/cmTC_75793.dir/CheckFunctionExists.c.o  -o cmTC_75793 -rdynamic -lpthreads 
/usr/bin/ld: cannot find -lpthreads
collect2: error: ld returned 1 exit status
make[1]: *** [cmTC_75793] Error 1
make[1]: Leaving directory `/home/ubuntu/Desktop/Anderson/AJa/HPC/ComputerVision/FacialDetection_GPU/build/CMakeFiles/CMakeTmp'
make: *** [cmTC_75793/fast] Error 2


